#
# There is insufficient memory for the Java Runtime Environment to continue.
# Native memory allocation (mmap) failed to map 134217728 bytes for Failed to commit area from 0x0000000081400000 to 0x0000000089400000 of length 134217728.
# Possible reasons:
#   The system is out of physical RAM or swap space
#   The process is running with CompressedOops enabled, and the Java Heap may be blocking the growth of the native heap
# Possible solutions:
#   Reduce memory load on the system
#   Increase physical memory or swap space
#   Check if swap backing store is full
#   Decrease Java heap size (-Xmx/-Xms)
#   Decrease number of Java threads
#   Decrease Java thread stack sizes (-Xss)
#   Set larger code cache with -XX:ReservedCodeCacheSize=
# This output file may be truncated or incomplete.
#
#  Out of Memory Error (./src/hotspot/os/windows/os_windows.cpp:3511), pid=10328, tid=11400
#
# JRE version:  (11.0.11+9) (build )
# Java VM: OpenJDK 64-Bit Server VM (11.0.11+9-b1504.13, mixed mode, sharing, tiered, compressed oops, g1 gc, windows-amd64)
# No core dump will be written. Minidumps are not enabled by default on client versions of Windows
#

---------------  S U M M A R Y ------------

Command Line: git4idea.http.GitAskPassApp Username for 'https://github.com': 

Host: Intel(R) Celeron(R) 3205U @ 1.50GHz, 2 cores, 7G,  Windows 10 , 64 bit Build 19041 (10.0.19041.2364)
Time: Sun Dec 25 18:17:46 2022 Caucasus Standard Time elapsed time: 0.084983 seconds (0d 0h 0m 0s)

---------------  T H R E A D  ---------------

Current thread (0x00000227f617b000):  JavaThread "Unknown thread" [_thread_in_vm, id=11400, stack(0x0000005e56d00000,0x0000005e56e00000)]

Stack: [0x0000005e56d00000,0x0000005e56e00000]
Native frames: (J=compiled Java code, j=interpreted, Vv=VM code, C=native code)
V  [jvm.dll+0x5f5d5a]
V  [jvm.dll+0x7798b5]
V  [jvm.dll+0x77aecd]
V  [jvm.dll+0x77b583]
V  [jvm.dll+0x244978]
V  [jvm.dll+0x5f3174]
V  [jvm.dll+0x5e7d55]
V  [jvm.dll+0x30068b]
V  [jvm.dll+0x3005fa]
V  [jvm.dll+0x3004d2]
V  [jvm.dll+0x3053c6]
V  [jvm.dll+0x34e0a3]
V  [jvm.dll+0x34e7a6]
V  [jvm.dll+0x34e1a3]
V  [jvm.dll+0x2db0c8]
V  [jvm.dll+0x2dc267]
V  [jvm.dll+0x758057]
V  [jvm.dll+0x75984c]
V  [jvm.dll+0x35b659]
V  [jvm.dll+0x73b67e]
V  [jvm.dll+0x3c39f3]
V  [jvm.dll+0x3c5dd1]
C  [jli.dll+0x5373]
C  [ucrtbase.dll+0x21bb2]
C  [KERNEL32.DLL+0x17614]
C  [ntdll.dll+0x526a1]


---------------  P R O C E S S  ---------------

Threads class SMR info:
_java_thread_list=0x00000227f5fb2370, length=0, elements={
}

Java Threads: ( => current thread )

Other Threads:
  0x00000227f6193800 GCTaskThread "GC Thread#0" [stack: 0x0000005e56e00000,0x0000005e56f00000] [id=4328]
  0x00000227f61c5000 ConcurrentGCThread "G1 Main Marker" [stack: 0x0000005e56f00000,0x0000005e57000000] [id=13296]
  0x00000227f61c7000 ConcurrentGCThread "G1 Conc#0" [stack: 0x0000005e57000000,0x0000005e57100000] [id=7728]

[error occurred during error reporting (printing all threads), id 0xc0000005, EXCEPTION_ACCESS_VIOLATION (0xc0000005) at pc=0x00007ff8fb75b8f7]

VM state:not at safepoint (not fully initialized)

VM Mutex/Monitor currently owned by a thread:  ([mutex/lock_event])
[0x00000227f61785c0] Heap_lock - owner thread: 0x00000227f617b000

Heap address: 0x0000000081400000, size: 2028 MB, Compressed Oops mode: Non-zero based: 0x0000000081400000
Narrow klass base: 0x0000000000000000, Narrow klass shift: 0

GC Heap History (0 events):
No events

Deoptimization events (0 events):
No events

Classes redefined (0 events):
No events

Internal exceptions (0 events):
No events

Events (1 events):
Event: 0.063 Loaded shared library C:\Program Files\JetBrains\WebStorm 2021.2\jbr\bin\zip.dll


Dynamic libraries:
0x00007ff7c99a0000 - 0x00007ff7c99aa000 	C:\Program Files\JetBrains\WebStorm 2021.2\jbr\bin\java.exe
0x00007ff92a1b0000 - 0x00007ff92a3a8000 	C:\WINDOWS\SYSTEM32\ntdll.dll
0x00007ff929710000 - 0x00007ff9297cf000 	C:\WINDOWS\System32\KERNEL32.DLL
0x00007ff927ee0000 - 0x00007ff9281b2000 	C:\WINDOWS\System32\KERNELBASE.dll
0x00007ff927c30000 - 0x00007ff927d30000 	C:\WINDOWS\System32\ucrtbase.dll
0x00007ff91f3b0000 - 0x00007ff91f3c9000 	C:\Program Files\JetBrains\WebStorm 2021.2\jbr\bin\jli.dll
0x00007ff928b60000 - 0x00007ff928d01000 	C:\WINDOWS\System32\USER32.dll
0x00007ff927a10000 - 0x00007ff927a32000 	C:\WINDOWS\System32\win32u.dll
0x00007ff9286c0000 - 0x00007ff9286eb000 	C:\WINDOWS\System32\GDI32.dll
0x00007ff927d30000 - 0x00007ff927e3f000 	C:\WINDOWS\System32\gdi32full.dll
0x00007ff927e40000 - 0x00007ff927edd000 	C:\WINDOWS\System32\msvcp_win.dll
0x00007ff91f390000 - 0x00007ff91f3a7000 	C:\Program Files\JetBrains\WebStorm 2021.2\jbr\bin\VCRUNTIME140.dll
0x00007ff918930000 - 0x00007ff918bca000 	C:\WINDOWS\WinSxS\amd64_microsoft.windows.common-controls_6595b64144ccf1df_6.0.19041.1110_none_60b5254171f9507e\COMCTL32.dll
0x00007ff928610000 - 0x00007ff9286ae000 	C:\WINDOWS\System32\msvcrt.dll
0x00007ff9281f0000 - 0x00007ff928222000 	C:\WINDOWS\System32\IMM32.DLL
0x00007ff903160000 - 0x00007ff9031fd000 	C:\Program Files\JetBrains\WebStorm 2021.2\jbr\bin\msvcp140.dll
0x00007ff8fb470000 - 0x00007ff8fbfba000 	C:\Program Files\JetBrains\WebStorm 2021.2\jbr\bin\server\jvm.dll
0x00007ff928d10000 - 0x00007ff928dbe000 	C:\WINDOWS\System32\ADVAPI32.dll
0x00007ff928880000 - 0x00007ff92891c000 	C:\WINDOWS\System32\sechost.dll
0x00007ff929f10000 - 0x00007ff92a035000 	C:\WINDOWS\System32\RPCRT4.dll
0x00007ff9286b0000 - 0x00007ff9286b8000 	C:\WINDOWS\System32\PSAPI.DLL
0x00007ff9148a0000 - 0x00007ff9148a9000 	C:\WINDOWS\SYSTEM32\WSOCK32.dll
0x00007ff929510000 - 0x00007ff92957b000 	C:\WINDOWS\System32\WS2_32.dll
0x00007ff914df0000 - 0x00007ff914e17000 	C:\WINDOWS\SYSTEM32\WINMM.dll
0x00007ff917260000 - 0x00007ff91726a000 	C:\WINDOWS\SYSTEM32\VERSION.dll
0x00007ff925720000 - 0x00007ff925732000 	C:\WINDOWS\SYSTEM32\kernel.appcore.dll
0x00007ff923500000 - 0x00007ff923511000 	C:\Program Files\JetBrains\WebStorm 2021.2\jbr\bin\verify.dll
0x00007ff912fc0000 - 0x00007ff9131a4000 	C:\WINDOWS\SYSTEM32\DBGHELP.DLL
0x00007ff912f80000 - 0x00007ff912fb5000 	C:\WINDOWS\SYSTEM32\dbgcore.DLL
0x00007ff927ba0000 - 0x00007ff927c22000 	C:\WINDOWS\System32\bcryptPrimitives.dll
0x00007ff922ec0000 - 0x00007ff922ee9000 	C:\Program Files\JetBrains\WebStorm 2021.2\jbr\bin\java.dll
0x00007ff923830000 - 0x00007ff92383b000 	C:\Program Files\JetBrains\WebStorm 2021.2\jbr\bin\jimage.dll
0x00007ff922f30000 - 0x00007ff922f48000 	C:\Program Files\JetBrains\WebStorm 2021.2\jbr\bin\zip.dll

dbghelp: loaded successfully - version: 4.0.5 - missing functions: none
symbol engine: initialized successfully - sym options: 0x614 - pdb path: .;C:\Program Files\JetBrains\WebStorm 2021.2\jbr\bin;C:\WINDOWS\SYSTEM32;C:\WINDOWS\WinSxS\amd64_microsoft.windows.common-controls_6595b64144ccf1df_6.0.19041.1110_none_60b5254171f9507e;C:\Program Files\JetBrains\WebStorm 2021.2\jbr\bin\server

VM Arguments:
java_command: git4idea.http.GitAskPassApp Username for 'https://github.com': 
java_class_path (initial): C:/Program Files/JetBrains/WebStorm 2021.2/plugins/git4idea/lib/git4idea-rt.jar;C:/Program Files/JetBrains/WebStorm 2021.2/lib/3rd-party.jar
Launcher Type: SUN_STANDARD

[Global flags]
     intx CICompilerCount                          = 2                                         {product} {ergonomic}
     uint ConcGCThreads                            = 1                                         {product} {ergonomic}
     uint G1ConcRefinementThreads                  = 2                                         {product} {ergonomic}
   size_t G1HeapRegionSize                         = 1048576                                   {product} {ergonomic}
    uintx GCDrainStackTargetSize                   = 64                                        {product} {ergonomic}
   size_t InitialHeapSize                          = 134217728                                 {product} {ergonomic}
   size_t MarkStackSize                            = 4194304                                   {product} {ergonomic}
   size_t MaxHeapSize                              = 2126512128                                {product} {ergonomic}
   size_t MinHeapDeltaBytes                        = 1048576                                   {product} {ergonomic}
    uintx NonNMethodCodeHeapSize                   = 5825164                                {pd product} {ergonomic}
    uintx NonProfiledCodeHeapSize                  = 122916538                              {pd product} {ergonomic}
    uintx ProfiledCodeHeapSize                     = 122916538                              {pd product} {ergonomic}
    uintx ReservedCodeCacheSize                    = 251658240                              {pd product} {ergonomic}
     bool SegmentedCodeCache                       = true                                      {product} {ergonomic}
     bool UseCompressedClassPointers               = true                                 {lp64_product} {ergonomic}
     bool UseCompressedOops                        = true                                 {lp64_product} {ergonomic}
     bool UseG1GC                                  = true                                      {product} {ergonomic}
     bool UseLargePagesIndividualAllocation        = false                                  {pd product} {ergonomic}

Logging:
Log output configuration:
 #0: stdout all=warning uptime,level,tags
 #1: stderr all=off uptime,level,tags

Environment Variables:
PATH=C:/Program Files/Git/mingw64/libexec/git-core;C:/Program Files/Git/mingw64/libexec/git-core;C:\Program Files\Git\mingw64\bin;C:\Program Files\Git\usr\bin;C:\Users\Shushan\bin;C:\WINDOWS\system32;C:\WINDOWS;C:\WINDOWS\System32\Wbem;C:\WINDOWS\System32\WindowsPowerShell\v1.0\;C:\WINDOWS\System32\OpenSSH\;C:\Program Files\Git\cmd;C:\Program Files\nodejs\;C:\Ruby24-x64\bin;C:\Users\Shushan\AppData\Local\Microsoft\WindowsApps;C:\Users\Shushan\AppData\Roaming\npm
USERNAME=Viktorya
DISPLAY=:0.0
LC_ALL=en_US.UTF-8
OS=Windows_NT
PROCESSOR_IDENTIFIER=Intel64 Family 6 Model 61 Stepping 4, GenuineIntel



---------------  S Y S T E M  ---------------

OS: Windows 10 , 64 bit Build 19041 (10.0.19041.2364)
OS uptime: 2 days 20:49 hours
Hyper-V role detected

CPU:total 2 (initial active 2) (2 cores per cpu, 1 threads per core) family 6 model 61 stepping 4 microcode 0x2d, cmov, cx8, fxsr, mmx, sse, sse2, sse3, ssse3, sse4.1, sse4.2, popcnt, clmul, erms, 3dnowpref, lzcnt, tsc, tscinvbit

Memory: 4k page, system-wide physical 8107M (1193M free)
TotalPageFile size 21311M (AvailPageFile size 87M)
current process WorkingSet (physical memory assigned to process): 10M, peak: 10M
current process commit charge ("private bytes"): 47M, peak: 175M

vm_info: OpenJDK 64-Bit Server VM (11.0.11+9-b1504.13) for windows-amd64 JRE (11.0.11+9-b1504.13), built on Jul 18 2021 03:17:44 by "" with MS VC++ 14.0 (VS2015)

END.
